2020.11.11 10:56:34 INFO  Started: Metals version 0.9.5 in workspace 'C:\Users\Sadiy\OneDrive\Documents\classifier-app' for client vscode.
2020.11.11 10:56:37 INFO  time: initialize in 2.78s
2020.11.11 10:56:42 WARN  Build server is not auto-connectable.
2020.11.11 10:56:42 WARN  no build tool detected in workspace 'C:\Users\Sadiy\OneDrive\Documents\classifier-app'. The most common cause for this problem is that the editor was opened in the wrong working directory, for example if you use sbt then the workspace directory should contain build.sbt. 
Nov 12, 2020 7:40:25 AM org.eclipse.lsp4j.jsonrpc.services.GenericEndpoint notify
INFO: Unsupported notification method: $/setTraceNotification
2020.11.16 11:52:21 INFO  Started: Metals version 0.9.5 in workspace 'C:\Users\Sadiy\OneDrive\Documents\classifier-app' for client vscode.
2020.11.16 11:52:23 INFO  time: initialize in 2.76s
2020.11.16 11:52:35 WARN  Build server is not auto-connectable.
2020.11.16 11:52:35 WARN  no build tool detected in workspace 'C:\Users\Sadiy\OneDrive\Documents\classifier-app'. The most common cause for this problem is that the editor was opened in the wrong working directory, for example if you use sbt then the workspace directory should contain build.sbt. 
2020.11.16 12:42:42 INFO  shutting down Metals
2020.11.16 13:37:16 INFO  Started: Metals version 0.9.5 in workspace 'C:\Users\Sadiy\OneDrive\Documents\classifier-app' for client vscode.
2020.11.16 13:37:20 INFO  time: initialize in 4.45s
2020.11.16 13:37:23 WARN  Build server is not auto-connectable.
2020.11.16 13:37:23 WARN  no build tool detected in workspace 'C:\Users\Sadiy\OneDrive\Documents\classifier-app'. The most common cause for this problem is that the editor was opened in the wrong working directory, for example if you use sbt then the workspace directory should contain build.sbt. 
2020.11.16 16:00:49 INFO  Started: Metals version 0.9.5 in workspace 'C:\Users\Sadiy\OneDrive\Documents\classifier-app' for client vscode.
2020.11.16 16:00:55 INFO  time: initialize in 5.33s
2020.11.16 16:01:04 WARN  Build server is not auto-connectable.
2020.11.16 16:01:04 WARN  no build tool detected in workspace 'C:\Users\Sadiy\OneDrive\Documents\classifier-app'. The most common cause for this problem is that the editor was opened in the wrong working directory, for example if you use sbt then the workspace directory should contain build.sbt. 
2020.11.16 17:34:28 INFO  shutting down Metals
[0m2021.01.22 19:05:52 INFO  Started: Metals version 0.9.10 in workspace 'C:\Users\Sadiy\OneDrive\Documents\rn-classifier-app' for client vscode 1.52.1.[0m
[0m2021.01.22 19:05:54 INFO  time: initialize in 2s[0m
[0m2021.01.22 19:06:06 WARN  resetting database: C:\Users\Sadiy\OneDrive\Documents\rn-classifier-app\.metals\metals.h2.db[0m
[0m2021.01.22 19:06:07 WARN  Build server is not auto-connectable.[0m
[0m2021.01.22 19:06:07 WARN  no build tool detected in workspace 'C:\Users\Sadiy\OneDrive\Documents\rn-classifier-app'. The most common cause for this problem is that the editor was opened in the wrong working directory, for example if you use sbt then the workspace directory should contain build.sbt. [0m
[0m2021.02.03 19:59:31 INFO  Started: Metals version 0.9.10 in workspace 'C:\Users\Sadiy\OneDrive\Documents\rn-classifier-app' for client vscode 1.52.1.[0m
[0m2021.02.03 19:59:35 INFO  time: initialize in 3.72s[0m
[0m2021.02.03 19:59:46 WARN  Build server is not auto-connectable.[0m
[0m2021.02.03 19:59:46 WARN  no build tool detected in workspace 'C:\Users\Sadiy\OneDrive\Documents\rn-classifier-app'. The most common cause for this problem is that the editor was opened in the wrong working directory, for example if you use sbt then the workspace directory should contain build.sbt. [0m
Feb 03, 2021 9:03:58 PM org.eclipse.lsp4j.jsonrpc.services.GenericEndpoint notify
INFO: Unsupported notification method: $/setTraceNotification
[0m2021.02.03 21:04:43 INFO  shutting down Metals[0m
[0m2021.02.07 18:44:34 INFO  Started: Metals version 0.9.10 in workspace 'C:\Users\Sadiy\OneDrive\Documents\rn-classifier-app' for client vscode 1.53.0.[0m
[0m2021.02.07 18:44:38 INFO  time: initialize in 4.26s[0m
[0m2021.02.07 18:44:56 WARN  Build server is not auto-connectable.[0m
[0m2021.02.07 18:44:56 WARN  no build tool detected in workspace 'C:\Users\Sadiy\OneDrive\Documents\rn-classifier-app'. The most common cause for this problem is that the editor was opened in the wrong working directory, for example if you use sbt then the workspace directory should contain build.sbt. [0m
[0m2021.02.07 19:16:45 INFO  shutting down Metals[0m
[0m2021.02.07 19:25:12 INFO  Started: Metals version 0.9.10 in workspace 'C:\Users\Sadiy\OneDrive\Documents\rn-classifier-app' for client vscode 1.53.0.[0m
[0m2021.02.07 19:25:17 INFO  time: initialize in 5.15s[0m
[0m2021.02.07 19:25:20 WARN  Build server is not auto-connectable.[0m
[0m2021.02.07 19:25:20 WARN  no build tool detected in workspace 'C:\Users\Sadiy\OneDrive\Documents\rn-classifier-app'. The most common cause for this problem is that the editor was opened in the wrong working directory, for example if you use sbt then the workspace directory should contain build.sbt. [0m
[0m2021.02.08 18:59:37 INFO  Started: Metals version 0.9.10 in workspace 'C:\Users\Sadiy\OneDrive\Documents\rn-classifier-app' for client vscode 1.53.0.[0m
[0m2021.02.08 18:59:41 INFO  time: initialize in 3.91s[0m
[0m2021.02.08 18:59:48 WARN  Build server is not auto-connectable.[0m
[0m2021.02.08 18:59:48 WARN  no build tool detected in workspace 'C:\Users\Sadiy\OneDrive\Documents\rn-classifier-app'. The most common cause for this problem is that the editor was opened in the wrong working directory, for example if you use sbt then the workspace directory should contain build.sbt. [0m
[0m2021.02.09 19:42:48 INFO  Started: Metals version 0.9.10 in workspace 'C:\Users\Sadiy\OneDrive\Documents\rn-classifier-app' for client vscode 1.53.0.[0m
[0m2021.02.09 19:42:52 INFO  time: initialize in 4.05s[0m
[0m2021.02.09 19:43:05 WARN  Build server is not auto-connectable.[0m
[0m2021.02.09 19:43:05 WARN  no build tool detected in workspace 'C:\Users\Sadiy\OneDrive\Documents\rn-classifier-app'. The most common cause for this problem is that the editor was opened in the wrong working directory, for example if you use sbt then the workspace directory should contain build.sbt. [0m
[0m2021.02.10 18:46:16 INFO  Started: Metals version 0.9.10 in workspace 'C:\Users\Sadiy\OneDrive\Documents\rn-classifier-app' for client vscode 1.53.1.[0m
[0m2021.02.10 18:46:19 INFO  time: initialize in 3.33s[0m
[0m2021.02.10 18:46:27 WARN  Build server is not auto-connectable.[0m
[0m2021.02.10 18:46:27 WARN  no build tool detected in workspace 'C:\Users\Sadiy\OneDrive\Documents\rn-classifier-app'. The most common cause for this problem is that the editor was opened in the wrong working directory, for example if you use sbt then the workspace directory should contain build.sbt. [0m
[0m2021.02.10 18:51:02 INFO  shutting down Metals[0m
[0m2021.02.10 19:19:32 INFO  Started: Metals version 0.9.10 in workspace 'C:\Users\Sadiy\OneDrive\Documents\rn-classifier-app' for client vscode 1.53.1.[0m
[0m2021.02.10 19:19:34 INFO  time: initialize in 2.6s[0m
[0m2021.02.10 19:19:38 WARN  Build server is not auto-connectable.[0m
[0m2021.02.10 19:19:38 WARN  no build tool detected in workspace 'C:\Users\Sadiy\OneDrive\Documents\rn-classifier-app'. The most common cause for this problem is that the editor was opened in the wrong working directory, for example if you use sbt then the workspace directory should contain build.sbt. [0m
[0m2021.02.10 19:44:19 INFO  shutting down Metals[0m
[0m2021.02.12 18:46:42 INFO  Started: Metals version 0.9.10 in workspace 'C:\Users\Sadiy\OneDrive\Documents\rn-classifier-app' for client vscode 1.53.2.[0m
[0m2021.02.12 18:46:46 INFO  time: initialize in 3.84s[0m
[0m2021.02.12 18:46:49 WARN  Build server is not auto-connectable.[0m
[0m2021.02.12 18:46:49 WARN  no build tool detected in workspace 'C:\Users\Sadiy\OneDrive\Documents\rn-classifier-app'. The most common cause for this problem is that the editor was opened in the wrong working directory, for example if you use sbt then the workspace directory should contain build.sbt. [0m
[0m2021.02.12 18:52:31 INFO  shutting down Metals[0m
[0m2021.02.12 18:55:03 INFO  Started: Metals version 0.9.10 in workspace 'C:\Users\Sadiy\OneDrive\Documents\rn-classifier-app' for client vscode 1.53.2.[0m
[0m2021.02.12 18:55:06 INFO  time: initialize in 2.46s[0m
[0m2021.02.12 18:55:07 WARN  Build server is not auto-connectable.[0m
[0m2021.02.12 18:55:07 WARN  no build tool detected in workspace 'C:\Users\Sadiy\OneDrive\Documents\rn-classifier-app'. The most common cause for this problem is that the editor was opened in the wrong working directory, for example if you use sbt then the workspace directory should contain build.sbt. [0m
[0m2021.02.13 10:42:12 INFO  shutting down Metals[0m
[0m2021.02.15 17:07:24 INFO  Started: Metals version 0.9.10 in workspace 'C:\Users\Sadiy\OneDrive\Documents\rn-classifier-app' for client vscode 1.53.2.[0m
[0m2021.02.15 17:07:25 INFO  time: initialize in 1.85s[0m
[0m2021.02.15 17:07:34 WARN  Build server is not auto-connectable.[0m
[0m2021.02.15 17:07:34 WARN  no build tool detected in workspace 'C:\Users\Sadiy\OneDrive\Documents\rn-classifier-app'. The most common cause for this problem is that the editor was opened in the wrong working directory, for example if you use sbt then the workspace directory should contain build.sbt. [0m
[0m2021.02.15 18:12:55 INFO  Started: Metals version 0.9.10 in workspace 'C:\Users\Sadiy\OneDrive\Documents\rn-classifier-app' for client vscode 1.53.2.[0m
[0m2021.02.15 18:12:57 INFO  time: initialize in 1.92s[0m
[0m2021.02.15 18:13:04 WARN  Build server is not auto-connectable.[0m
[0m2021.02.15 18:13:04 WARN  no build tool detected in workspace 'C:\Users\Sadiy\OneDrive\Documents\rn-classifier-app'. The most common cause for this problem is that the editor was opened in the wrong working directory, for example if you use sbt then the workspace directory should contain build.sbt. [0m
[0m2021.02.15 18:36:09 INFO  shutting down Metals[0m
[0m2021.02.15 18:59:59 INFO  Started: Metals version 0.9.10 in workspace 'C:\Users\Sadiy\OneDrive\Documents\rn-classifier-app' for client vscode 1.53.2.[0m
[0m2021.02.15 19:00:03 INFO  time: initialize in 4.22s[0m
[0m2021.02.15 19:00:05 WARN  Build server is not auto-connectable.[0m
[0m2021.02.15 19:00:05 WARN  no build tool detected in workspace 'C:\Users\Sadiy\OneDrive\Documents\rn-classifier-app'. The most common cause for this problem is that the editor was opened in the wrong working directory, for example if you use sbt then the workspace directory should contain build.sbt. [0m
[0m2021.02.17 20:12:44 INFO  Started: Metals version 0.9.10 in workspace 'C:\Users\Sadiy\OneDrive\Documents\rn-classifier-app' for client vscode 1.53.2.[0m
[0m2021.02.17 20:12:48 INFO  time: initialize in 4.39s[0m
[0m2021.02.17 20:13:07 WARN  Build server is not auto-connectable.[0m
[0m2021.02.17 20:13:07 WARN  no build tool detected in workspace 'C:\Users\Sadiy\OneDrive\Documents\rn-classifier-app'. The most common cause for this problem is that the editor was opened in the wrong working directory, for example if you use sbt then the workspace directory should contain build.sbt. [0m
[0m2021.02.18 10:42:41 INFO  Started: Metals version 0.9.10 in workspace 'C:\Users\Sadiy\OneDrive\Documents\rn-classifier-app' for client vscode 1.53.2.[0m
[0m2021.02.18 10:42:45 INFO  time: initialize in 4.35s[0m
[0m2021.02.18 10:43:01 WARN  Build server is not auto-connectable.[0m
[0m2021.02.18 10:43:01 WARN  no build tool detected in workspace 'C:\Users\Sadiy\OneDrive\Documents\rn-classifier-app'. The most common cause for this problem is that the editor was opened in the wrong working directory, for example if you use sbt then the workspace directory should contain build.sbt. [0m
[0m2021.02.18 14:02:16 INFO  shutting down Metals[0m
[0m2021.02.20 13:44:22 INFO  Started: Metals version 0.9.10 in workspace 'C:\Users\Sadiy\OneDrive\Documents\rn-classifier-app' for client vscode 1.53.2.[0m
[0m2021.02.20 13:44:27 INFO  time: initialize in 4.27s[0m
[0m2021.02.20 13:44:34 WARN  Build server is not auto-connectable.[0m
[0m2021.02.20 13:44:34 WARN  no build tool detected in workspace 'C:\Users\Sadiy\OneDrive\Documents\rn-classifier-app'. The most common cause for this problem is that the editor was opened in the wrong working directory, for example if you use sbt then the workspace directory should contain build.sbt. [0m
[0m2021.02.21 15:04:19 INFO  Started: Metals version 0.9.10 in workspace 'C:\Users\Sadiy\OneDrive\Documents\rn-classifier-app' for client vscode 1.53.2.[0m
[0m2021.02.21 15:04:24 INFO  time: initialize in 4.75s[0m
[0m2021.02.21 15:04:32 WARN  Build server is not auto-connectable.[0m
[0m2021.02.21 15:04:32 WARN  no build tool detected in workspace 'C:\Users\Sadiy\OneDrive\Documents\rn-classifier-app'. The most common cause for this problem is that the editor was opened in the wrong working directory, for example if you use sbt then the workspace directory should contain build.sbt. [0m
[0m2021.02.21 15:08:00 INFO  shutting down Metals[0m
[0m2021.02.26 20:11:35 INFO  Started: Metals version 0.9.10 in workspace 'C:\Users\Sadiy\OneDrive\Documents\rn-classifier-app' for client vscode 1.53.2.[0m
[0m2021.02.26 20:11:40 INFO  time: initialize in 5.49s[0m
[0m2021.02.26 20:11:45 WARN  Build server is not auto-connectable.[0m
[0m2021.02.26 20:11:45 WARN  no build tool detected in workspace 'C:\Users\Sadiy\OneDrive\Documents\rn-classifier-app'. The most common cause for this problem is that the editor was opened in the wrong working directory, for example if you use sbt then the workspace directory should contain build.sbt. [0m
[0m2021.02.27 15:47:00 INFO  Started: Metals version 0.10.0 in workspace 'C:\Users\Sadiy\OneDrive\Documents\rn-classifier-app' for client vscode 1.53.2.[0m
[0m2021.02.27 15:47:05 INFO  time: initialize in 5.64s[0m
[0m2021.02.27 15:47:14 WARN  Build server is not auto-connectable.[0m
[0m2021.02.27 15:47:14 WARN  no build tool detected in workspace 'C:\Users\Sadiy\OneDrive\Documents\rn-classifier-app'. The most common cause for this problem is that the editor was opened in the wrong working directory, for example if you use sbt then the workspace directory should contain build.sbt. [0m
